2026-06-20 09:29:52,252 [BOOT] unified script started, python=E:\anaconda3\envs\slay_spire\python.exe
2026-06-20 09:29:52,252 [BOOT] argv=['F:\\AI_Learn\\slay_of_spire\\STS1\\communicate.py']
2026-06-20 09:29:52,252 [BOOT] cwd=F:\SteamLibrary\steamapps\common\SlayTheSpire
2026-06-20 09:29:52,252 [SEND] ready
2026-06-20 09:30:28,957 [MAIN] 检测到角色: IRONCLAD
2026-06-20 09:30:28,957 [LOAD] 正在加载 IRONCLAD advisor (ironclad_advisor)...
2026-06-20 09:30:29,705 [LOAD] ironclad_advisor.ml_advisor 导入成功
2026-06-20 09:30:29,751 [LOAD] ironclad_advisor.ml_advisor_v2 导入成功
2026-06-20 09:30:29,751 [LOAD] 加载 IRONCLAD DB...
2026-06-20 09:30:32,983 [LOAD] IRONCLAD DB 加载完毕
2026-06-20 09:30:32,983 [LOAD] IRONCLAD vocab 加载完毕
2026-06-20 09:30:33,197 [LOAD] IRONCLAD V1 模型加载完毕。
2026-06-20 09:30:33,219 [LOAD] IRONCLAD V2 模型加载完毕: ['card_lambdamart', 'card_logreg', 'card_cwr', 'boss_relic_lambdamart', 'boss_relic_logreg', 'boss_relic_cwr', 'campfire_lambdamart', 'campfire_logreg', 'campfire_cwr', 'shop_lambdamart', 'shop_logreg', 'shop_cwr']
2026-06-20 09:30:35,101 [LOAD] ironclad_advisor.ml_advisor_v3 导入成功
2026-06-20 09:30:35,170 [LOAD] IRONCLAD V3 模型加载完毕: ['card_transformer_v3', 'boss_relic_transformer_v3', 'campfire_transformer_v3', 'shop_transformer_v3']
2026-06-20 09:30:35,170 [LOAD] ironclad_advisor.ml_advisor_v4 导入成功
2026-06-20 09:30:35,238 [LOAD] IRONCLAD V4 模型加载完毕: ['card_transformer_v4', 'boss_relic_transformer_v4', 'campfire_transformer_v4', 'shop_transformer_v4']
2026-06-20 09:30:35,238 [LOAD] IRONCLAD advisor 加载完毕。
2026-06-20 09:32:13,548 ══════════════════════════════════════════════════════════════════
2026-06-20 09:32:13,548  Floor 42 Act 3 | HP: 80/80 (100%)
2026-06-20 09:32:13,548  卡牌奖励
2026-06-20 09:32:13,548 ──────────────────────────────────────────────────────────────────
2026-06-20 09:32:13,548  候选项                     XGBoost  LightGBM  LambdaMR    LogReg       CWR   TransV3   TransV4    综合  推荐
2026-06-20 09:32:13,548  SKIP                         90.7%     89.7%     56.8%     38.1%     92.2%     62.0%     49.3%     1.1  ★
2026-06-20 09:32:13,548  Rage                         90.8%     89.6%     24.7%     11.1%     85.5%     30.6%     34.4%     2.0
2026-06-20 09:32:13,549  Sword Boomerang+             90.5%     89.2%     12.8%      8.2%     86.4%      4.9%     11.7%     3.1
2026-06-20 09:32:13,549  Flex+                        90.5%     89.2%      5.7%      5.3%     79.4%      2.5%      4.5%     3.7
2026-06-20 09:32:13,549 ══════════════════════════════════════════════════════════════════
2026-06-20 09:33:53,603 ══════════════════════════════════════════════════════════════════
2026-06-20 09:33:53,604  Floor 44 Act 3 | HP: 64/80 (80%)
2026-06-20 09:33:53,604  卡牌奖励
2026-06-20 09:33:53,604 ──────────────────────────────────────────────────────────────────
2026-06-20 09:33:53,604  候选项                     XGBoost  LightGBM  LambdaMR    LogReg       CWR   TransV3   TransV4    综合  推荐
2026-06-20 09:33:53,604  True Grit+                   81.1%     79.5%     40.3%     47.9%     89.5%     58.1%     72.7%     1.4  ★
2026-06-20 09:33:53,604  SKIP                         81.1%     79.8%     39.3%     38.7%     92.2%     25.7%     18.7%     2.0
2026-06-20 09:33:53,604  Armaments+                   81.1%     79.5%     11.5%     20.8%     92.6%     10.8%      6.3%     2.6
2026-06-20 09:33:53,604  Headbutt+                    81.1%     79.4%      8.9%     16.4%     81.9%      5.4%      2.2%     4.0
2026-06-20 09:33:53,604 ══════════════════════════════════════════════════════════════════
2026-06-20 09:37:43,854 ══════════════════════════════════════════════════════════════════
2026-06-20 09:37:43,854  Floor 45 Act 3 | HP: 61/80 (76%)
2026-06-20 09:37:43,854  卡牌奖励
2026-06-20 09:37:43,854 ──────────────────────────────────────────────────────────────────
2026-06-20 09:37:43,854  候选项                     XGBoost  LightGBM  LambdaMR    LogReg       CWR   TransV3   TransV4    综合  推荐
2026-06-20 09:37:43,854  Battle Trance                82.6%     80.6%     75.1%     68.2%     88.9%     72.9%     83.9%     1.1  ★
2026-06-20 09:37:43,854  SKIP                         81.8%     80.0%     17.5%     38.5%     92.2%     26.1%     14.3%     1.9
2026-06-20 09:37:43,854  Thunderclap                  81.1%     78.9%      4.4%     13.8%     67.9%      0.8%      1.6%     3.4
2026-06-20 09:37:43,854  Perfected Strike+            81.1%     78.9%      3.1%     13.3%     78.0%      0.1%      0.2%     3.6
2026-06-20 09:37:43,855 ══════════════════════════════════════════════════════════════════
2026-06-20 09:37:49,341 ══════════════════════════════════════════════════════════════════
2026-06-20 09:37:49,342  Floor 46 Act 3 | HP: 76/80 (95%)
2026-06-20 09:37:49,342  篝火决策
2026-06-20 09:37:49,342 ──────────────────────────────────────────────────────────────────
2026-06-20 09:37:49,342  候选项                     XGBoost  LightGBM  LambdaMR    LogReg       CWR   TransV3   TransV4    综合  推荐
2026-06-20 09:37:49,342  SMITH                        89.4%     88.2%     80.1%     29.2%     96.8%     99.8%     99.3%     1.0  ★
2026-06-20 09:37:49,342  REST                         89.0%     88.2%     19.9%      3.8%     94.6%      0.2%      0.7%     2.0
2026-06-20 09:37:49,342 ══════════════════════════════════════════════════════════════════
2026-06-20 09:37:53,529 ══════════════════════════════════════════════════════════════════
2026-06-20 09:37:53,529  Floor 46 Act 3 | HP: 76/80 (95%)
2026-06-20 09:37:53,529  篝火决策
2026-06-20 09:37:53,529 ──────────────────────────────────────────────────────────────────
2026-06-20 09:37:53,529  候选项                     XGBoost  LightGBM  LambdaMR    LogReg       CWR   TransV3   TransV4    综合  推荐
2026-06-20 09:37:53,530  SMITH                        89.4%     88.2%     80.1%     29.2%     96.8%     99.8%     99.3%     1.0  ★
2026-06-20 09:37:53,530  REST                         89.0%     88.2%     19.9%      3.8%     94.6%      0.2%      0.7%     2.0
2026-06-20 09:37:53,530 ══════════════════════════════════════════════════════════════════
2026-06-20 09:39:18,038 ══════════════════════════════════════════════════════════════════
2026-06-20 09:39:18,038  Floor 47 Act 3 | HP: 57/80 (71%)
2026-06-20 09:39:18,038  卡牌奖励
2026-06-20 09:39:18,039 ──────────────────────────────────────────────────────────────────
2026-06-20 09:39:18,039  候选项                     XGBoost  LightGBM  LambdaMR    LogReg       CWR   TransV3   TransV4    综合  推荐
2026-06-20 09:39:18,039  SKIP                         80.1%     78.2%     52.8%     39.4%     92.2%     70.9%     62.0%     1.0  ★
2026-06-20 09:39:18,039  Brutality                    79.6%     77.3%     22.0%     27.7%     90.7%     23.2%     23.1%     2.0
2026-06-20 09:39:18,039  Clothesline+                 79.4%     77.1%     15.5%     16.0%     86.5%      4.9%      8.4%     3.0
2026-06-20 09:39:18,039  Combust+                     39.7%     38.5%      4.8%      3.8%     27.8%      0.5%      3.2%     4.0
2026-06-20 09:39:18,039 ══════════════════════════════════════════════════════════════════
2026-06-20 09:41:46,463 ══════════════════════════════════════════════════════════════════
2026-06-20 09:41:46,463  Floor 48 Act 3 | HP: 70/80 (88%)
2026-06-20 09:41:46,464  卡牌奖励
2026-06-20 09:41:46,464 ──────────────────────────────────────────────────────────────────
2026-06-20 09:41:46,464  候选项                     XGBoost  LightGBM  LambdaMR    LogReg       CWR   TransV3   TransV4    综合  推荐
2026-06-20 09:41:46,464  SKIP                         87.8%     86.6%     45.3%     39.0%     92.2%     35.0%     24.8%     1.9  ★
2026-06-20 09:41:46,464  Body Slam                    88.5%     87.5%     14.4%      7.7%     94.8%     29.4%     40.8%     2.0
2026-06-20 09:41:46,464  Ghostly Armor                87.8%     86.4%     31.4%     33.3%     88.0%     29.9%     28.4%     2.4
2026-06-20 09:41:46,464  Reckless Charge+             87.4%     86.0%      8.9%     17.7%     91.8%      5.7%      6.0%     3.7
2026-06-20 09:41:46,464 ══════════════════════════════════════════════════════════════════
2026-06-20 09:41:51,833 ══════════════════════════════════════════════════════════════════
2026-06-20 09:41:51,833  Floor 49 Act 3 | HP: 80/80 (100%)
2026-06-20 09:41:51,833  篝火决策
2026-06-20 09:41:51,833 ──────────────────────────────────────────────────────────────────
2026-06-20 09:41:51,833  候选项                     XGBoost  LightGBM  LambdaMR    LogReg       CWR   TransV3   TransV4    综合  推荐
2026-06-20 09:41:51,833  SMITH                        89.0%     87.9%     80.1%     30.3%     96.8%     99.8%     99.4%     1.1  ★
2026-06-20 09:41:51,833  REST                         88.8%     88.1%     19.9%      4.0%     94.6%      0.2%      0.6%     1.9
2026-06-20 09:41:51,833 ══════════════════════════════════════════════════════════════════
2026-06-20 09:42:09,827 ══════════════════════════════════════════════════════════════════
2026-06-20 09:42:09,828  Floor 49 Act 3 | HP: 80/80 (100%)
2026-06-20 09:42:09,828  篝火决策
2026-06-20 09:42:09,828 ──────────────────────────────────────────────────────────────────
2026-06-20 09:42:09,828  候选项                     XGBoost  LightGBM  LambdaMR    LogReg       CWR   TransV3   TransV4    综合  推荐
2026-06-20 09:42:09,828  SMITH                        89.0%     87.9%     80.1%     30.3%     96.8%     99.8%     99.4%     1.1  ★
2026-06-20 09:42:09,829  REST                         88.8%     88.1%     19.9%      4.0%     94.6%      0.2%      0.6%     1.9
2026-06-20 09:42:09,829 ══════════════════════════════════════════════════════════════════
2026-06-20 09:43:26,072 ══════════════════════════════════════════════════════════════════
2026-06-20 09:43:26,072  Floor 50 Act 3 | HP: 80/80 (100%)
2026-06-20 09:43:26,072  卡牌奖励
2026-06-20 09:43:26,072 ──────────────────────────────────────────────────────────────────
2026-06-20 09:43:26,072  候选项                     XGBoost  LightGBM  LambdaMR    LogReg       CWR   TransV3   TransV4    综合  推荐
2026-06-20 09:43:26,072  Master of Strategy           91.7%     90.9%     89.5%     86.6%     88.0%     96.9%     97.7%     1.1  ★
2026-06-20 09:43:26,072  SKIP                         91.2%     90.0%      5.9%     38.5%     92.2%      2.1%      0.5%     2.3
2026-06-20 09:43:26,072  Dramatic Entrance            91.3%     90.0%      4.1%     25.1%     72.0%      0.6%      0.8%     2.9
2026-06-20 09:43:26,072  Forethought                  91.1%     89.7%      0.5%      2.1%     60.1%      0.3%      1.0%     3.7
2026-06-20 09:43:26,072 ══════════════════════════════════════════════════════════════════
2026-06-20 09:45:41,771 ══════════════════════════════════════════════════════════════════
2026-06-20 09:45:41,771  Floor 52 Act 4 | HP: 80/80 (100%)
2026-06-20 09:45:41,771  篝火决策
2026-06-20 09:45:41,771 ──────────────────────────────────────────────────────────────────
2026-06-20 09:45:41,771  候选项                     XGBoost  LightGBM  LambdaMR    LogReg       CWR   TransV3   TransV4    综合  推荐
2026-06-20 09:45:41,771  SMITH                        89.1%     87.9%     80.1%     49.2%     98.2%     99.8%     99.4%     1.1  ★
2026-06-20 09:45:41,771  REST                         88.9%     88.1%     19.9%      8.5%     96.0%      0.2%      0.6%     1.9
2026-06-20 09:45:41,771 ══════════════════════════════════════════════════════════════════
2026-06-20 09:45:45,603 ══════════════════════════════════════════════════════════════════
2026-06-20 09:45:45,604  Floor 52 Act 4 | HP: 80/80 (100%)
2026-06-20 09:45:45,604  篝火决策
2026-06-20 09:45:45,604 ──────────────────────────────────────────────────────────────────
2026-06-20 09:45:45,604  候选项                     XGBoost  LightGBM  LambdaMR    LogReg       CWR   TransV3   TransV4    综合  推荐
2026-06-20 09:45:45,604  SMITH                        89.1%     87.9%     80.1%     49.2%     98.2%     99.8%     99.4%     1.1  ★
2026-06-20 09:45:45,604  REST                         88.9%     88.1%     19.9%      8.5%     96.0%      0.2%      0.6%     1.9
2026-06-20 09:45:45,604 ══════════════════════════════════════════════════════════════════
2026-06-20 09:45:49,254 ══════════════════════════════════════════════════════════════════
2026-06-20 09:45:49,254  Floor 53 Act 4 | HP: 80/80 (100%)
2026-06-20 09:45:49,254  商店 (金币: 409)
2026-06-20 09:45:49,254 ──────────────────────────────────────────────────────────────────
2026-06-20 09:45:49,255  候选项                      价格   XGBoost  LightGBM  LambdaMR    LogReg       CWR   TransV3   TransV4    综合  推荐
2026-06-20 09:45:49,255  移除卡牌                    120g     89.7%     86.9%     28.9%     99.1%     50.0%     97.2%     97.9%     4.0  ★
2026-06-20 09:45:49,255  Pen Nib                     125g     91.6%     88.9%      5.3%     97.7%     76.7%      0.2%      0.1%     4.6
2026-06-20 09:45:49,255  Entropic Brew                78g     89.7%     86.9%      6.0%     95.6%     50.0%      0.2%      0.2%     5.4
2026-06-20 09:45:49,255  Bottled Lightning           201g     89.7%     86.9%      5.3%     91.4%     80.4%      0.2%      0.1%     6.6
2026-06-20 09:45:49,255  Heart of Iron                81g     89.7%     86.9%      6.0%     95.6%     50.0%      0.2%      0.2%     6.9
2026-06-20 09:45:49,255  Orrery                      124g     91.6%     88.9%      5.3%     85.4%     71.1%      0.2%      0.1%     7.0
2026-06-20 09:45:49,256  Flex Potion                  41g     89.7%     86.9%      6.0%     95.6%      7.2%      0.2%      0.2%     7.0
2026-06-20 09:45:49,256  不购买                         -     89.7%     86.9%      0.3%      0.0%     55.2%      0.2%      0.2%     8.7
2026-06-20 09:45:49,256  Fire Breathing               27g     89.9%     87.2%      5.3%     91.3%     50.0%      0.2%      0.1%     9.1
2026-06-20 09:45:49,256  Warcry                       39g     90.4%     87.8%      5.3%     88.8%     50.0%      0.2%      0.1%     9.4
2026-06-20 09:45:49,256  True Grit                    36g     90.4%     87.8%      5.3%     94.8%     50.0%      0.2%      0.1%     9.7
2026-06-20 09:45:49,256  Mayhem                      152g     89.7%     86.9%      5.3%     85.0%     50.0%      0.2%      0.1%     9.9
2026-06-20 09:45:49,256  Blind                        78g     89.7%     86.9%      5.3%     84.8%     50.0%      0.2%      0.1%    10.1
2026-06-20 09:45:49,256  Thunderclap                  42g     89.7%     86.9%      5.3%     93.9%     50.0%      0.2%      0.1%    10.6
2026-06-20 09:45:49,256  Clothesline                  38g     89.7%     86.9%      5.3%     92.2%      7.2%      0.2%      0.1%    11.0
2026-06-20 09:45:49,256 ══════════════════════════════════════════════════════════════════
2026-06-20 09:46:19,596 ══════════════════════════════════════════════════════════════════
2026-06-20 09:46:19,596  Floor 53 Act 4 | HP: 80/80 (100%)
2026-06-20 09:46:19,596  商店 (金币: 208)
2026-06-20 09:46:19,596 ──────────────────────────────────────────────────────────────────
2026-06-20 09:46:19,596  候选项                      价格   XGBoost  LightGBM  LambdaMR    LogReg       CWR   TransV3   TransV4    综合  推荐
2026-06-20 09:46:19,596  移除卡牌                    120g     95.5%     94.3%     28.9%     95.4%     50.0%     95.9%     96.6%     4.0  ★
2026-06-20 09:46:19,597  Entropic Brew                78g     95.5%     94.4%      6.0%     80.1%     50.0%      0.3%      0.2%     4.9
2026-06-20 09:46:19,597  Heart of Iron                81g     95.5%     94.4%      6.0%     80.1%     50.0%      0.3%      0.2%     6.3
2026-06-20 09:46:19,597  Pen Nib                     125g     95.8%     94.3%      5.3%     88.7%     76.7%      0.3%      0.2%     6.4
2026-06-20 09:46:19,597  Flex Potion                  41g     95.5%     94.4%      6.0%     80.1%      7.2%      0.3%      0.2%     6.6
2026-06-20 09:46:19,597  Calipers                   250g!     95.5%     94.4%      5.3%     72.7%     50.0%      0.3%      0.2%     6.9
2026-06-20 09:46:19,597  不购买                         -     95.5%     94.4%      0.3%      0.0%     55.2%      0.3%      0.2%     8.3
2026-06-20 09:46:19,597  Orrery                      124g     95.8%     94.3%      5.3%     51.9%     71.1%      0.3%      0.2%     8.6
2026-06-20 09:46:19,597  Fire Breathing               27g     95.6%     94.6%      5.3%     66.1%     50.0%      0.3%      0.2%     9.0
2026-06-20 09:46:19,597  Warcry                       39g     95.7%     94.6%      5.3%     59.5%     50.0%      0.3%      0.2%     9.1
2026-06-20 09:46:19,597  True Grit                    36g     95.7%     94.6%      5.3%     77.2%     50.0%      0.3%      0.2%     9.4
2026-06-20 09:46:19,597  Mayhem                      152g     95.5%     94.4%      5.3%     51.2%     50.0%      0.3%      0.2%     9.6
2026-06-20 09:46:19,597  Blind                        78g     95.5%     94.4%      5.3%     50.8%     50.0%      0.3%      0.2%     9.7
2026-06-20 09:46:19,597  Thunderclap                  42g     95.5%     94.4%      5.3%     74.2%     50.0%      0.3%      0.2%    10.3
2026-06-20 09:46:19,597  Clothesline                  38g     95.5%     94.4%      5.3%     68.7%      7.2%      0.3%      0.2%    11.0
2026-06-20 09:46:19,597 ══════════════════════════════════════════════════════════════════
2026-06-20 09:46:38,547 ══════════════════════════════════════════════════════════════════
2026-06-20 09:46:38,547  Floor 53 Act 4 | HP: 80/80 (100%)
2026-06-20 09:46:38,547  商店 (金币: 88)
2026-06-20 09:46:38,547 ──────────────────────────────────────────────────────────────────
2026-06-20 09:46:38,547  候选项                      价格   XGBoost  LightGBM  LambdaMR    LogReg       CWR   TransV3   TransV4    综合  推荐
2026-06-20 09:46:38,547  移除卡牌                   140g!     96.8%     95.5%     28.9%     96.5%     50.0%     93.8%     92.5%     4.0  ★
2026-06-20 09:46:38,547  Entropic Brew                78g     96.8%     95.6%      6.0%     84.1%     50.0%      0.5%      0.6%     5.1
2026-06-20 09:46:38,547  Heart of Iron                81g     96.8%     95.6%      6.0%     84.1%     50.0%      0.5%      0.6%     6.1
2026-06-20 09:46:38,547  Pen Nib                    125g!     96.9%     95.5%      5.3%     91.2%     76.7%      0.4%      0.5%     6.4
2026-06-20 09:46:38,547  Flex Potion                  41g     96.8%     95.6%      6.0%     84.1%      7.2%      0.5%      0.6%     6.4
2026-06-20 09:46:38,547  Calipers                   250g!     96.8%     95.7%      5.3%     77.9%     50.0%      0.4%      0.5%     6.9
2026-06-20 09:46:38,547  Orrery                     124g!     96.9%     95.5%      5.3%     58.8%     71.1%      0.4%      0.5%     8.3
2026-06-20 09:46:38,547  不购买                         -     96.8%     95.6%      0.3%      0.0%     55.2%      0.5%      0.6%     8.3
2026-06-20 09:46:38,548  Warcry                       39g     96.9%     95.8%      5.3%     65.9%     50.0%      0.4%      0.5%     8.9
2026-06-20 09:46:38,548  True Grit                    36g     96.9%     95.8%      5.3%     81.7%     50.0%      0.4%      0.5%     9.3
2026-06-20 09:46:38,548  Fire Breathing               27g     96.9%     95.8%      5.3%     72.0%     50.0%      0.4%      0.5%     9.6
2026-06-20 09:46:38,548  Blind                        78g     96.8%     95.7%      5.3%     57.7%     50.0%      0.4%      0.5%     9.7
2026-06-20 09:46:38,548  Mayhem                     152g!     96.8%     95.7%      5.3%     58.1%     50.0%      0.4%      0.5%     9.7
2026-06-20 09:46:38,548  Thunderclap                  42g     96.8%     95.7%      5.3%     79.1%     50.0%      0.4%      0.5%    10.3
2026-06-20 09:46:38,548  Clothesline                  38g     96.8%     95.7%      5.3%     74.4%      7.2%      0.4%      0.5%    11.0
2026-06-20 09:46:38,548 ══════════════════════════════════════════════════════════════════
2026-06-20 09:46:44,612 ══════════════════════════════════════════════════════════════════
2026-06-20 09:46:44,612  Floor 53 Act 4 | HP: 80/80 (100%)
2026-06-20 09:46:44,612  商店 (金币: 10)
2026-06-20 09:46:44,612 ──────────────────────────────────────────────────────────────────
2026-06-20 09:46:44,612  候选项                      价格   XGBoost  LightGBM  LambdaMR    LogReg       CWR   TransV3   TransV4    综合  推荐
2026-06-20 09:46:44,612  移除卡牌                   140g!     96.7%     95.7%     28.9%     95.7%     50.0%     96.4%     96.4%     4.0  ★
2026-06-20 09:46:44,612  Strength Potion             38g!     96.7%     95.8%      6.0%     81.3%     50.0%      0.3%      0.3%     5.1
2026-06-20 09:46:44,612  Heart of Iron               81g!     96.7%     95.8%      6.0%     81.3%     50.0%      0.3%      0.3%     6.1
2026-06-20 09:46:44,612  Flex Potion                 41g!     96.7%     95.8%      6.0%     81.3%      7.2%      0.3%      0.3%     6.4
2026-06-20 09:46:44,613  Pen Nib                    125g!     96.9%     95.7%      5.3%     89.5%     76.7%      0.3%      0.2%     6.7
2026-06-20 09:46:44,613  Calipers                   250g!     96.7%     95.8%      5.3%     74.3%     50.0%      0.3%      0.3%     6.9
2026-06-20 09:46:44,613  Orrery                     124g!     96.9%     95.7%      5.3%     53.9%     71.1%      0.2%      0.2%     8.1
2026-06-20 09:46:44,613  不购买                         -     96.7%     95.8%      0.3%      0.0%     55.2%      0.3%      0.3%     8.3
2026-06-20 09:46:44,613  Warcry                      39g!     96.8%     95.9%      5.3%     61.4%     50.0%      0.2%      0.2%     9.0
2026-06-20 09:46:44,613  True Grit                   36g!     96.8%     95.9%      5.3%     78.6%     50.0%      0.2%      0.2%     9.1
2026-06-20 09:46:44,613  Blind                       78g!     96.7%     95.8%      5.3%     52.8%     50.0%      0.3%      0.3%     9.4
2026-06-20 09:46:44,613  Fire Breathing              27g!     96.8%     95.9%      5.3%     67.9%     50.0%      0.2%      0.2%     9.6
2026-06-20 09:46:44,613  Mayhem                     152g!     96.7%     95.8%      5.3%     53.2%     50.0%      0.2%      0.3%     9.6
2026-06-20 09:46:44,613  Thunderclap                 42g!     96.7%     95.8%      5.3%     75.7%     50.0%      0.3%      0.3%    10.6
2026-06-20 09:46:44,613  Clothesline                 38g!     96.7%     95.8%      5.3%     70.4%      7.2%      0.3%      0.3%    11.0
2026-06-20 09:46:44,613 ══════════════════════════════════════════════════════════════════
2026-06-20 09:50:13,223 ══════════════════════════════════════════════════════════════════
2026-06-20 09:50:13,223  Floor 54 Act 4 | HP: 33/80 (41%)
2026-06-20 09:50:13,223  卡牌奖励
2026-06-20 09:50:13,223 ──────────────────────────────────────────────────────────────────
2026-06-20 09:50:13,223  候选项                     XGBoost  LightGBM  LambdaMR    LogReg       CWR   TransV3   TransV4    综合  推荐
2026-06-20 09:50:13,223  SKIP                         68.1%     66.9%     52.8%     39.8%     98.7%     52.9%     33.7%     1.6  ★
2026-06-20 09:50:13,223  Body Slam+                   71.2%     69.4%     17.2%      8.0%     98.2%     42.4%     56.8%     1.9
2026-06-20 09:50:13,224  Anger                        68.2%     66.3%     24.6%     20.8%     19.1%      0.5%      1.0%     3.0
2026-06-20 09:50:13,224  Flex                         67.2%     65.0%      5.4%      5.6%     90.2%      4.3%      8.5%     3.6
2026-06-20 09:50:13,224 ══════════════════════════════════════════════════════════════════
2026-06-20 09:54:18,986 ══════════════════════════════════════════════════════════════════
2026-06-20 09:54:18,986  Floor 0 Act 1 | HP: 72/80 (90%)
2026-06-20 09:54:18,987  卡牌奖励
2026-06-20 09:54:18,987 ──────────────────────────────────────────────────────────────────
2026-06-20 09:54:18,987  候选项                     XGBoost  LightGBM  LambdaMR    LogReg       CWR   TransV3   TransV4    综合  推荐
2026-06-20 09:54:18,987  SKIP                         26.9%     27.0%     35.8%     17.4%     17.2%      4.4%      4.4%     1.6  ★
2026-06-20 09:54:18,987  Twin Strike                  24.8%     25.0%     35.2%     10.2%     15.8%     85.2%     82.3%     1.7
2026-06-20 09:54:18,987  Reckless Charge              22.9%     23.2%     16.2%      4.5%     10.2%     10.0%     13.1%     3.3
2026-06-20 09:54:18,988  Warcry                       23.3%     23.3%     12.7%      5.9%     15.2%      0.4%      0.3%     3.4
2026-06-20 09:54:18,988 ══════════════════════════════════════════════════════════════════
2026-06-20 09:56:44,530 ══════════════════════════════════════════════════════════════════
2026-06-20 09:56:44,531  Floor 1 Act 1 | HP: 65/80 (81%)
2026-06-20 09:56:44,531  卡牌奖励
2026-06-20 09:56:44,531 ──────────────────────────────────────────────────────────────────
2026-06-20 09:56:44,531  候选项                     XGBoost  LightGBM  LambdaMR    LogReg       CWR   TransV3   TransV4    综合  推荐
2026-06-20 09:56:44,531  Disarm                       27.9%     27.9%     81.7%     71.6%     24.2%     83.6%     82.7%     1.0  ★
2026-06-20 09:56:44,531  SKIP                         26.9%     27.0%     10.1%     31.5%     17.2%      2.2%      2.1%     2.6
2026-06-20 09:56:44,531  Sword Boomerang              22.7%     22.9%      4.3%      8.8%      9.3%      6.2%      7.0%     3.1
2026-06-20 09:56:44,531  Iron Wave                    22.7%     22.9%      3.9%      6.9%     14.9%      7.9%      8.1%     3.3
2026-06-20 09:56:44,531 ══════════════════════════════════════════════════════════════════
2026-06-20 09:57:43,730 ══════════════════════════════════════════════════════════════════
2026-06-20 09:57:43,730  Floor 3 Act 1 | HP: 64/80 (80%)
2026-06-20 09:57:43,730  卡牌奖励
2026-06-20 09:57:43,730 ──────────────────────────────────────────────────────────────────
2026-06-20 09:57:43,731  候选项                     XGBoost  LightGBM  LambdaMR    LogReg       CWR   TransV3   TransV4    综合  推荐
2026-06-20 09:57:43,731  Dark Embrace                 27.4%     27.2%     50.8%     42.4%     10.6%     31.1%     52.9%     1.6  ★
2026-06-20 09:57:43,731  SKIP                         26.9%     27.0%     23.3%     31.2%     17.2%     15.3%     14.6%     2.1
2026-06-20 09:57:43,731  Clothesline                  22.9%     23.0%     17.0%     15.2%     15.6%     47.7%     22.2%     2.7
2026-06-20 09:57:43,731  Body Slam                    23.7%     23.8%      8.9%     11.1%     12.1%      6.0%     10.3%     3.6
2026-06-20 09:57:43,731 ══════════════════════════════════════════════════════════════════
2026-06-20 09:58:30,466 ══════════════════════════════════════════════════════════════════
2026-06-20 09:58:30,466  Floor 4 Act 1 | HP: 67/80 (84%)
2026-06-20 09:58:30,467  卡牌奖励
2026-06-20 09:58:30,467 ──────────────────────────────────────────────────────────────────
2026-06-20 09:58:30,467  候选项                     XGBoost  LightGBM  LambdaMR    LogReg       CWR   TransV3   TransV4    综合  推荐
2026-06-20 09:58:30,467  Shrug It Off                 27.7%     27.7%     62.5%     57.7%     21.8%     15.4%     13.8%     1.4  ★
2026-06-20 09:58:30,467  Hemokinesis                  25.6%     25.7%     15.6%     24.1%     18.8%     79.6%     80.8%     2.3
2026-06-20 09:58:30,467  SKIP                         27.6%     27.7%     15.1%     29.8%     23.7%      0.4%      0.2%     2.6
2026-06-20 09:58:30,467  Perfected Strike             23.5%     23.7%      6.8%      9.4%     14.0%      4.7%      5.1%     3.7
2026-06-20 09:58:30,467 ══════════════════════════════════════════════════════════════════
2026-06-20 09:59:20,450 ══════════════════════════════════════════════════════════════════
2026-06-20 09:59:20,450  Floor 5 Act 1 | HP: 63/80 (79%)
2026-06-20 09:59:20,450  卡牌奖励
2026-06-20 09:59:20,450 ──────────────────────────────────────────────────────────────────
2026-06-20 09:59:20,450  候选项                     XGBoost  LightGBM  LambdaMR    LogReg       CWR   TransV3   TransV4    综合  推荐
2026-06-20 09:59:20,450  Armaments                    25.5%     25.6%     33.6%     26.1%     20.3%     60.8%     56.9%     1.6  ★
2026-06-20 09:59:20,451  SKIP                         27.5%     27.6%     29.6%     29.0%     23.7%     13.1%     13.6%     1.9
2026-06-20 09:59:20,451  Ghostly Armor                25.3%     25.4%     30.8%     21.5%     15.6%     25.0%     28.2%     2.6
2026-06-20 09:59:20,451  Flex                         23.2%     23.3%      5.9%      3.6%      8.3%      1.1%      1.4%     4.0
2026-06-20 09:59:20,451 ══════════════════════════════════════════════════════════════════
2026-06-20 09:59:30,853 ══════════════════════════════════════════════════════════════════
2026-06-20 09:59:30,853  Floor 6 Act 1 | HP: 63/80 (79%)
2026-06-20 09:59:30,853  篝火决策
2026-06-20 09:59:30,853 ──────────────────────────────────────────────────────────────────
2026-06-20 09:59:30,853  候选项                     XGBoost  LightGBM  LambdaMR    LogReg       CWR   TransV3   TransV4    综合  推荐
2026-06-20 09:59:30,853  SMITH                        29.2%     29.3%     80.1%     75.4%     25.9%     99.9%     99.9%     1.0  ★
2026-06-20 09:59:30,853  REST                         27.2%     27.3%     19.9%     22.7%      8.8%      0.1%      0.1%     2.0
2026-06-20 09:59:30,853 ══════════════════════════════════════════════════════════════════
2026-06-20 09:59:34,741 ══════════════════════════════════════════════════════════════════
2026-06-20 09:59:34,741  Floor 6 Act 1 | HP: 63/80 (79%)
2026-06-20 09:59:34,741  篝火决策
2026-06-20 09:59:34,741 ──────────────────────────────────────────────────────────────────
2026-06-20 09:59:34,741  候选项                     XGBoost  LightGBM  LambdaMR    LogReg       CWR   TransV3   TransV4    综合  推荐
2026-06-20 09:59:34,741  SMITH                        29.2%     29.3%     80.1%     74.6%     25.9%     99.9%     99.9%     1.0  ★
2026-06-20 09:59:34,742  REST                         27.2%     27.3%     19.9%     22.0%      8.8%      0.1%      0.1%     2.0
2026-06-20 09:59:34,742 ══════════════════════════════════════════════════════════════════
2026-06-20 10:00:12,034 ══════════════════════════════════════════════════════════════════
2026-06-20 10:00:12,034  Floor 7 Act 1 | HP: 66/80 (82%)
2026-06-20 10:00:12,035  卡牌奖励
2026-06-20 10:00:12,035 ──────────────────────────────────────────────────────────────────
2026-06-20 10:00:12,035  候选项                     XGBoost  LightGBM  LambdaMR    LogReg       CWR   TransV3   TransV4    综合  推荐
2026-06-20 10:00:12,035  True Grit                    25.6%     25.6%     43.5%     36.8%     15.8%     45.7%     54.1%     1.4  ★
2026-06-20 10:00:12,035  SKIP                         27.6%     27.6%     32.7%     28.6%     23.7%     22.9%     36.3%     1.7
2026-06-20 10:00:12,035  Clothesline                  23.5%     23.4%     15.3%     13.6%     13.5%     24.6%      7.4%     2.9
2026-06-20 10:00:12,035  Sword Boomerang              23.3%     23.3%      8.5%      7.8%     11.2%      6.9%      2.3%     4.0
2026-06-20 10:00:12,035 ══════════════════════════════════════════════════════════════════
2026-06-20 10:00:24,052 ══════════════════════════════════════════════════════════════════
2026-06-20 10:00:24,053  Floor 8 Act 1 | HP: 66/80 (82%)
2026-06-20 10:00:24,053  篝火决策
2026-06-20 10:00:24,053 ──────────────────────────────────────────────────────────────────
2026-06-20 10:00:24,053  候选项                     XGBoost  LightGBM  LambdaMR    LogReg       CWR   TransV3   TransV4    综合  推荐
2026-06-20 10:00:24,053  SMITH                        29.5%     29.3%     80.1%     75.0%     25.9%    100.0%     99.9%     1.0  ★
2026-06-20 10:00:24,053  REST                         27.5%     27.5%     19.9%     22.4%      8.8%      0.0%      0.1%     2.0
2026-06-20 10:00:24,053 ══════════════════════════════════════════════════════════════════
2026-06-20 10:00:28,574 ══════════════════════════════════════════════════════════════════
2026-06-20 10:00:28,574  Floor 8 Act 1 | HP: 66/80 (82%)
2026-06-20 10:00:28,574  篝火决策
2026-06-20 10:00:28,574 ──────────────────────────────────────────────────────────────────
2026-06-20 10:00:28,574  候选项                     XGBoost  LightGBM  LambdaMR    LogReg       CWR   TransV3   TransV4    综合  推荐
2026-06-20 10:00:28,574  SMITH                        29.6%     29.3%     80.1%     75.0%     25.9%    100.0%     99.9%     1.0  ★
2026-06-20 10:00:28,574  REST                         27.6%     27.5%     19.9%     22.4%      8.8%      0.0%      0.1%     2.0
2026-06-20 10:00:28,574 ══════════════════════════════════════════════════════════════════
2026-06-20 10:00:41,531 ══════════════════════════════════════════════════════════════════
2026-06-20 10:00:41,531  Floor 10 Act 1 | HP: 66/80 (82%)
2026-06-20 10:00:41,531  商店 (金币: 76)
2026-06-20 10:00:41,532 ──────────────────────────────────────────────────────────────────
2026-06-20 10:00:41,532  候选项                      价格   XGBoost  LightGBM  LambdaMR    LogReg       CWR   TransV3   TransV4    综合  推荐
2026-06-20 10:00:41,532  移除卡牌                     75g     55.3%     58.3%     28.9%    100.0%     50.0%     92.0%     90.7%     3.7  ★
2026-06-20 10:00:41,532  Speed Potion                 52g     55.3%     58.4%      6.0%    100.0%     87.6%      0.6%      0.7%     4.4
2026-06-20 10:00:41,532  Fear Potion                  51g     55.3%     58.4%      6.0%    100.0%     50.0%      0.6%      0.7%     4.4
2026-06-20 10:00:41,532  The Boot                   143g!     62.4%     62.4%      5.3%    100.0%     50.0%      0.6%      0.7%     5.4
2026-06-20 10:00:41,532  Whetstone                  148g!     59.8%     60.1%      5.3%    100.0%     50.0%      0.6%      0.7%     6.7
2026-06-20 10:00:41,532  Attack Potion                51g     55.3%     58.4%      6.0%    100.0%      5.6%      0.6%      0.7%     7.1
2026-06-20 10:00:41,532  Mind Blast                  96g!     58.6%     59.4%      5.3%    100.0%     50.0%      0.6%      0.6%     8.3
2026-06-20 10:00:41,533  Cleave                       46g     62.4%     62.4%      5.3%    100.0%     50.0%      0.6%      0.7%     8.7
2026-06-20 10:00:41,533  Strange Spoon              148g!     57.6%     58.9%      5.3%    100.0%     47.8%      0.6%      0.6%     9.1
2026-06-20 10:00:41,533  Sadistic Nature            194g!     55.3%     58.3%      5.3%    100.0%     50.0%      0.6%      0.7%     9.6
2026-06-20 10:00:41,533  不购买                         -     55.3%     58.4%      0.3%      0.3%     18.5%      0.6%      0.7%     9.6
2026-06-20 10:00:41,533  True Grit                    46g     57.8%     59.2%      5.3%    100.0%     50.0%      0.6%      0.6%     9.7
2026-06-20 10:00:41,533  Infernal Blade               70g     55.3%     58.3%      5.3%    100.0%     50.0%      0.6%      0.7%    10.4
2026-06-20 10:00:41,533  Feel No Pain                 68g     55.3%     58.3%      5.3%    100.0%      1.8%      0.6%      0.7%    11.3
2026-06-20 10:00:41,533  Perfected Strike             24g     55.3%     58.3%      5.3%    100.0%     76.7%      0.6%      0.6%    11.4
2026-06-20 10:00:41,533 ══════════════════════════════════════════════════════════════════
2026-06-20 10:00:48,930 ══════════════════════════════════════════════════════════════════
2026-06-20 10:00:48,930  Floor 10 Act 1 | HP: 66/80 (82%)
2026-06-20 10:00:48,930  商店 (金币: 1)
2026-06-20 10:00:48,930 ──────────────────────────────────────────────────────────────────
2026-06-20 10:00:48,930  候选项                      价格   XGBoost  LightGBM  LambdaMR    LogReg       CWR   TransV3   TransV4    综合  推荐
2026-06-20 10:00:48,930  移除卡牌                   100g!     52.1%     63.3%     28.9%    100.0%     50.0%     96.2%     96.5%     3.7  ★
2026-06-20 10:00:48,930  Fear Potion                 51g!     52.1%     63.3%      6.0%    100.0%     50.0%      0.3%      0.3%     4.1
2026-06-20 10:00:48,930  Speed Potion                52g!     52.1%     63.3%      6.0%    100.0%     87.6%      0.3%      0.3%     4.6
2026-06-20 10:00:48,931  The Boot                   143g!     59.6%     68.5%      5.3%    100.0%     50.0%      0.3%      0.2%     5.6
2026-06-20 10:00:48,931  Whetstone                  148g!     57.3%     65.9%      5.3%    100.0%     50.0%      0.3%      0.2%     7.1
2026-06-20 10:00:48,931  Attack Potion               51g!     52.1%     63.3%      6.0%    100.0%      5.6%      0.3%      0.3%     7.3
2026-06-20 10:00:48,931  Cleave                      46g!     59.4%     68.5%      5.3%    100.0%     50.0%      0.3%      0.2%     8.4
2026-06-20 10:00:48,931  Mind Blast                  96g!     56.2%     65.2%      5.3%    100.0%     50.0%      0.3%      0.2%     8.6
2026-06-20 10:00:48,931  Strange Spoon              148g!     54.7%     64.8%      5.3%    100.0%     47.8%      0.3%      0.2%     8.9
2026-06-20 10:00:48,931  True Grit                   46g!     54.8%     65.0%      5.3%    100.0%     50.0%      0.3%      0.2%     9.6
2026-06-20 10:00:48,931  Sadistic Nature            194g!     52.1%     63.3%      5.3%    100.0%     50.0%      0.3%      0.2%     9.6
2026-06-20 10:00:48,931  不购买                         -     52.1%     63.3%      0.3%      0.8%     18.5%      0.3%      0.3%     9.6
2026-06-20 10:00:48,931  Infernal Blade              70g!     52.1%     63.3%      5.3%    100.0%     50.0%      0.3%      0.2%    10.6
2026-06-20 10:00:48,932  Feel No Pain                68g!     52.1%     63.3%      5.3%    100.0%      1.8%      0.3%      0.2%    11.1
2026-06-20 10:00:48,932  Perfected Strike            24g!     52.1%     63.3%      5.3%    100.0%     76.7%      0.3%      0.2%    11.3
2026-06-20 10:00:48,932 ══════════════════════════════════════════════════════════════════
2026-06-20 10:01:36,641 ══════════════════════════════════════════════════════════════════
2026-06-20 10:01:36,641  Floor 11 Act 1 | HP: 36/80 (45%)
2026-06-20 10:01:36,641  卡牌奖励
2026-06-20 10:01:36,641 ──────────────────────────────────────────────────────────────────
2026-06-20 10:01:36,641  候选项                     XGBoost  LightGBM  LambdaMR    LogReg       CWR   TransV3   TransV4    综合  推荐
2026-06-20 10:01:36,642  Second Wind                  28.2%     28.6%     84.6%     67.8%     20.1%     95.8%     98.8%     1.1  ★
2026-06-20 10:01:36,642  SKIP                         26.3%     26.9%     11.4%     29.3%     23.7%      3.4%      0.5%     1.9
2026-06-20 10:01:36,642  Perfected Strike             23.1%     23.5%      2.6%      9.2%     14.0%      0.6%      0.4%     3.0
2026-06-20 10:01:36,642  Wild Strike                  21.1%     20.7%      1.4%      3.9%      6.0%      0.3%      0.2%     4.0
2026-06-20 10:01:36,642 ══════════════════════════════════════════════════════════════════
2026-06-20 10:01:48,422 ══════════════════════════════════════════════════════════════════
2026-06-20 10:01:48,422  Floor 12 Act 1 | HP: 36/80 (45%)
2026-06-20 10:01:48,422  篝火决策
2026-06-20 10:01:48,422 ──────────────────────────────────────────────────────────────────
2026-06-20 10:01:48,422  候选项                     XGBoost  LightGBM  LambdaMR    LogReg       CWR   TransV3   TransV4    综合  推荐
2026-06-20 10:01:48,422  SMITH                        29.7%     30.0%     80.1%     75.6%     24.2%     94.1%     98.5%     1.0  ★
2026-06-20 10:01:48,423  REST                         27.5%     27.8%     19.9%     23.0%     14.6%      5.9%      1.5%     2.0
2026-06-20 10:01:48,423 ══════════════════════════════════════════════════════════════════
2026-06-20 10:01:53,527 ══════════════════════════════════════════════════════════════════
2026-06-20 10:01:53,527  Floor 12 Act 1 | HP: 36/80 (45%)
2026-06-20 10:01:53,527  篝火决策
2026-06-20 10:01:53,527 ──────────────────────────────────────────────────────────────────
2026-06-20 10:01:53,527  候选项                     XGBoost  LightGBM  LambdaMR    LogReg       CWR   TransV3   TransV4    综合  推荐
2026-06-20 10:01:53,527  SMITH                        30.5%     31.5%     80.1%     75.1%     24.2%     95.7%     97.1%     1.0  ★
2026-06-20 10:01:53,527  REST                         28.4%     29.3%     19.9%     22.4%     14.6%      4.3%      2.9%     2.0
2026-06-20 10:01:53,527 ══════════════════════════════════════════════════════════════════
2026-06-20 10:01:58,541 ══════════════════════════════════════════════════════════════════
2026-06-20 10:01:58,541  Floor 13 Act 1 | HP: 36/80 (45%)
2026-06-20 10:01:58,541  商店 (金币: 27)
2026-06-20 10:01:58,541 ──────────────────────────────────────────────────────────────────
2026-06-20 10:01:58,542  候选项                      价格   XGBoost  LightGBM  LambdaMR    LogReg       CWR   TransV3   TransV4    综合  推荐
2026-06-20 10:01:58,542  Speed Potion                52g!     58.6%     62.9%      6.0%    100.0%     87.6%      0.5%      0.6%     3.7  ★
2026-06-20 10:01:58,542  移除卡牌                   100g!     58.6%     62.8%     28.6%    100.0%     50.0%     93.9%     91.7%     3.9
2026-06-20 10:01:58,542  Dark Embrace+               73g!     63.7%     67.3%      6.2%    100.0%     87.8%      0.4%      0.6%     4.6
2026-06-20 10:01:58,542  Skill Potion                49g!     58.6%     62.9%      6.0%    100.0%     50.0%      0.5%      0.6%     5.3
2026-06-20 10:01:58,542  Power Potion                50g!     58.6%     62.9%      6.0%    100.0%     57.4%      0.5%      0.6%     5.9
2026-06-20 10:01:58,542  Regal Pillow               152g!     63.7%     67.3%      5.2%    100.0%     50.0%      0.4%      0.6%     7.0
2026-06-20 10:01:58,542  Chemical X                 151g!     58.6%     62.8%      5.2%    100.0%     69.4%      0.4%      0.6%     8.4
2026-06-20 10:01:58,542  Disarm                      39g!     58.6%     62.8%      5.2%    100.0%     78.3%      0.4%      0.6%     8.6
2026-06-20 10:01:58,542  Finesse                     98g!     62.8%     64.9%      5.2%    100.0%     48.5%      0.4%      0.6%     9.0
2026-06-20 10:01:58,543  Apotheosis                 172g!     63.7%     67.3%      5.2%    100.0%     21.2%      0.4%      0.6%     9.6
2026-06-20 10:01:58,543  不购买                         -     58.6%     62.9%      0.3%      1.4%     18.5%      0.5%      0.6%     9.6
2026-06-20 10:01:58,543  Omamori                    153g!     58.6%     62.8%      5.2%    100.0%     50.0%      0.4%      0.6%     9.7
2026-06-20 10:01:58,543  Uppercut                    67g!     61.9%     64.2%      5.2%    100.0%     48.5%      0.4%      0.6%    10.0
2026-06-20 10:01:58,543  Flex                        53g!     58.6%     62.8%      5.2%    100.0%     50.0%      0.4%      0.6%    12.0
2026-06-20 10:01:58,543  Fiend Fire                 155g!     58.6%     62.8%      5.2%    100.0%     41.2%      0.4%      0.6%    12.9
2026-06-20 10:01:58,543 ══════════════════════════════════════════════════════════════════
2026-06-20 10:03:31,483 ══════════════════════════════════════════════════════════════════
2026-06-20 10:03:31,483  Floor 14 Act 1 | HP: 22/80 (28%)
2026-06-20 10:03:31,483  卡牌奖励
2026-06-20 10:03:31,483 ──────────────────────────────────────────────────────────────────
2026-06-20 10:03:31,484  候选项                     XGBoost  LightGBM  LambdaMR    LogReg       CWR   TransV3   TransV4    综合  推荐
2026-06-20 10:03:31,484  SKIP                         25.6%     26.3%     30.6%     29.3%     23.7%     30.6%     32.5%     1.4  ★
2026-06-20 10:03:31,484  Whirlwind                    25.6%     26.3%     54.7%     28.6%     19.4%     65.8%     65.6%     1.6
2026-06-20 10:03:31,484  Hemokinesis                  24.0%     24.4%      9.4%     13.0%     18.8%      1.0%      0.3%     3.3
2026-06-20 10:03:31,484  Sword Boomerang              21.9%     22.3%      5.4%      4.8%     11.2%      2.6%      1.6%     3.7
2026-06-20 10:03:31,484 ══════════════════════════════════════════════════════════════════
2026-06-20 10:03:46,800 ══════════════════════════════════════════════════════════════════
2026-06-20 10:03:46,800  Floor 15 Act 1 | HP: 22/80 (28%)
2026-06-20 10:03:46,800  篝火决策
2026-06-20 10:03:46,800 ──────────────────────────────────────────────────────────────────
2026-06-20 10:03:46,800  候选项                     XGBoost  LightGBM  LambdaMR    LogReg       CWR   TransV3   TransV4    综合  推荐
2026-06-20 10:03:46,800  SMITH                        23.4%     24.2%     80.1%     76.9%     13.1%     67.6%     79.1%     1.0  ★
2026-06-20 10:03:46,801  REST                         21.6%     22.3%     19.9%     24.3%     11.1%     32.4%     20.9%     2.0
2026-06-20 10:03:46,801 ══════════════════════════════════════════════════════════════════
2026-06-20 10:04:09,485 ══════════════════════════════════════════════════════════════════
2026-06-20 10:04:09,485  Floor 15 Act 1 | HP: 22/80 (28%)
2026-06-20 10:04:09,486  篝火决策
2026-06-20 10:04:09,486 ──────────────────────────────────────────────────────────────────
2026-06-20 10:04:09,486  候选项                     XGBoost  LightGBM  LambdaMR    LogReg       CWR   TransV3   TransV4    综合  推荐
2026-06-20 10:04:09,486  SMITH                        23.0%     24.4%     80.1%     77.2%     13.1%     67.5%     62.8%     1.0  ★
2026-06-20 10:04:09,486  REST                         21.3%     22.5%     19.9%     24.5%     11.1%     32.5%     37.2%     2.0
2026-06-20 10:04:09,486 ══════════════════════════════════════════════════════════════════
2026-06-20 10:04:46,764 ══════════════════════════════════════════════════════════════════
2026-06-20 10:04:46,764  Floor 16 Act 1 | HP: 22/80 (28%)
2026-06-20 10:04:46,764  卡牌奖励
2026-06-20 10:04:46,764 ──────────────────────────────────────────────────────────────────
2026-06-20 10:04:46,765  候选项                     XGBoost  LightGBM  LambdaMR    LogReg       CWR   TransV3   TransV4    综合  推荐
2026-06-20 10:04:46,765  Dropkick                     26.4%     27.4%     28.8%      6.2%     36.8%     49.5%     76.3%     1.9  ★
2026-06-20 10:04:46,765  SKIP                         26.3%     27.4%     35.8%     10.3%     72.0%     14.2%      0.0%     1.9
2026-06-20 10:04:46,765  Carnage                      26.3%     27.4%     33.8%      9.9%     30.1%     36.1%     22.7%     2.4
2026-06-20 10:04:46,765  Clash                        21.0%     21.6%      1.6%      0.2%     10.5%      0.2%      1.0%     3.9
2026-06-20 10:04:46,765 ══════════════════════════════════════════════════════════════════
