
==================================================================
  杀戮尖塔 AI 训练控制器  2026-06-11 19:31:12
==================================================================
  角色: silent
  步骤: db, v1, v2, v3, v4
  日志: F:\AI_Learn\slay_of_spire\STS1\logs\train_20260611_193112.log

------------------------------------------------------------------
  步骤: DB
------------------------------------------------------------------

  [2026-06-11 19:31:12] 开始 silent DB
  命令: python -u -m silent_advisor.build_db

    Loading Silent runs...
    Loaded 12328 runs (2895 wins, 9433 losses)
    
    Building card decision database...
      200171 decision points, 346 unique cards
    Building boss relic database...
      12870 boss relic decisions
    Building campfire database...
      66884 campfire decisions
    Building shop database...
      602 shop visits
    
    Done. Database written to F:\AI_Learn\slay_of_spire\STS1\silent_advisor\db/

  [2026-06-11 19:31:25] silent DB 完成 ✓

------------------------------------------------------------------
  步骤: V1
------------------------------------------------------------------
  [2026-06-11 19:31:25] 跳过 silent V1（未实现）

------------------------------------------------------------------
  步骤: V2
------------------------------------------------------------------

  [2026-06-11 19:31:25] 开始 silent V2
  命令: python -u -m silent_advisor.ml_advisor_v2 train

    加载数据库...
    构建词表...
      卡牌词表: 399 张
      遗物词表: 137 个
    
    === 训练卡牌 V2 模型 ===
      构造排序数据...
      排序数据: 812129 行, 200171 组, 权重范围: [0.18, 1.20]
    E:\anaconda3\envs\slay_spire\lib\site-packages\sklearn\utils\validation.py:2749: UserWarning: X does not have valid feature names, but LGBMRanker was fitted with feature names
      warnings.warn(
    E:\anaconda3\envs\slay_spire\lib\site-packages\sklearn\utils\validation.py:2749: UserWarning: X does not have valid feature names, but LGBMRanker was fitted with feature names
      warnings.warn(
    E:\anaconda3\envs\slay_spire\lib\site-packages\sklearn\utils\validation.py:2749: UserWarning: X does not have valid feature names, but LGBMRanker was fitted with feature names
      warnings.warn(
    E:\anaconda3\envs\slay_spire\lib\site-packages\sklearn\utils\validation.py:2749: UserWarning: X does not have valid feature names, but LGBMRanker was fitted with feature names
      warnings.warn(
    E:\anaconda3\envs\slay_spire\lib\site-packages\sklearn\utils\validation.py:2749: UserWarning: X does not have valid feature names, but LGBMRanker was fitted with feature names
      warnings.warn(
      LambdaMART card: 平均 NDCG=0.8161
      已保存: F:\AI_Learn\slay_of_spire\STS1\silent_advisor\models\card_lambdamart.pkl
      构造选择数据...
      选择数据: 812129 行, 正样本: 200171
      LogReg card: 训练集 Accuracy=0.7741
      已保存: F:\AI_Learn\slay_of_spire\STS1\silent_advisor\models\card_logreg.pkl
      计算 CWR 统计...
      已保存: F:\AI_Learn\slay_of_spire\STS1\silent_advisor\models\card_cwr.pkl
    
    === 训练 Boss 遗物 V2 模型 ===
      排序数据: 38544 行, 12848 组, 权重范围: [0.18, 1.20]
    E:\anaconda3\envs\slay_spire\lib\site-packages\sklearn\utils\validation.py:2749: UserWarning: X does not have valid feature names, but LGBMRanker was fitted with feature names
      warnings.warn(
    E:\anaconda3\envs\slay_spire\lib\site-packages\sklearn\utils\validation.py:2749: UserWarning: X does not have valid feature names, but LGBMRanker was fitted with feature names
      warnings.warn(
    E:\anaconda3\envs\slay_spire\lib\site-packages\sklearn\utils\validation.py:2749: UserWarning: X does not have valid feature names, but LGBMRanker was fitted with feature names
      warnings.warn(
    E:\anaconda3\envs\slay_spire\lib\site-packages\sklearn\utils\validation.py:2749: UserWarning: X does not have valid feature names, but LGBMRanker was fitted with feature names
      warnings.warn(
    E:\anaconda3\envs\slay_spire\lib\site-packages\sklearn\utils\validation.py:2749: UserWarning: X does not have valid feature names, but LGBMRanker was fitted with feature names
      warnings.warn(
      LambdaMART boss_relic: 平均 NDCG=0.8443
      已保存: F:\AI_Learn\slay_of_spire\STS1\silent_advisor\models\boss_relic_lambdamart.pkl
      选择数据: 38544 行, 正样本: 12848
      LogReg boss_relic: 训练集 Accuracy=0.7126
      已保存: F:\AI_Learn\slay_of_spire\STS1\silent_advisor\models\boss_relic_logreg.pkl
      已保存: F:\AI_Learn\slay_of_spire\STS1\silent_advisor\models\boss_relic_cwr.pkl
    
    === 训练篝火 V2 模型 ===
      排序数据: 133768 行, 66884 组, 权重范围: [0.18, 1.20]
    E:\anaconda3\envs\slay_spire\lib\site-packages\sklearn\utils\validation.py:2749: UserWarning: X does not have valid feature names, but LGBMRanker was fitted with feature names
      warnings.warn(
    E:\anaconda3\envs\slay_spire\lib\site-packages\sklearn\utils\validation.py:2749: UserWarning: X does not have valid feature names, but LGBMRanker was fitted with feature names
      warnings.warn(
    E:\anaconda3\envs\slay_spire\lib\site-packages\sklearn\utils\validation.py:2749: UserWarning: X does not have valid feature names, but LGBMRanker was fitted with feature names
      warnings.warn(
    E:\anaconda3\envs\slay_spire\lib\site-packages\sklearn\utils\validation.py:2749: UserWarning: X does not have valid feature names, but LGBMRanker was fitted with feature names
      warnings.warn(
    E:\anaconda3\envs\slay_spire\lib\site-packages\sklearn\utils\validation.py:2749: UserWarning: X does not have valid feature names, but LGBMRanker was fitted with feature names
      warnings.warn(
      LambdaMART campfire: 平均 NDCG=0.9069
      已保存: F:\AI_Learn\slay_of_spire\STS1\silent_advisor\models\campfire_lambdamart.pkl
      选择数据: 133768 行, 正样本: 60887
      LogReg campfire: 训练集 Accuracy=0.7326
      已保存: F:\AI_Learn\slay_of_spire\STS1\silent_advisor\models\campfire_logreg.pkl
      已保存: F:\AI_Learn\slay_of_spire\STS1\silent_advisor\models\campfire_cwr.pkl
    
    === 训练商店 V2 模型 ===
      排序数据: 8045 行, 602 组, 权重范围: [0.60, 1.20]
    E:\anaconda3\envs\slay_spire\lib\site-packages\sklearn\utils\validation.py:2749: UserWarning: X does not have valid feature names, but LGBMRanker was fitted with feature names
      warnings.warn(
    E:\anaconda3\envs\slay_spire\lib\site-packages\sklearn\utils\validation.py:2749: UserWarning: X does not have valid feature names, but LGBMRanker was fitted with feature names
      warnings.warn(
    E:\anaconda3\envs\slay_spire\lib\site-packages\sklearn\utils\validation.py:2749: UserWarning: X does not have valid feature names, but LGBMRanker was fitted with feature names
      warnings.warn(
    E:\anaconda3\envs\slay_spire\lib\site-packages\sklearn\utils\validation.py:2749: UserWarning: X does not have valid feature names, but LGBMRanker was fitted with feature names
      warnings.warn(
    E:\anaconda3\envs\slay_spire\lib\site-packages\sklearn\utils\validation.py:2749: UserWarning: X does not have valid feature names, but LGBMRanker was fitted with feature names
      warnings.warn(
      LambdaMART shop: 平均 NDCG=0.9762
      已保存: F:\AI_Learn\slay_of_spire\STS1\silent_advisor\models\shop_lambdamart.pkl
      选择数据: 8045 行, 正样本: 306
      LogReg shop: 训练集 Accuracy=0.9976
      已保存: F:\AI_Learn\slay_of_spire\STS1\silent_advisor\models\shop_logreg.pkl
      已保存: F:\AI_Learn\slay_of_spire\STS1\silent_advisor\models\shop_cwr.pkl
    
    === 行为对齐评估 ===
    
      [卡牌] 全量 (n=200171):
        Top-1 Accuracy: 0.5841
        Top-3 Accuracy: 0.9428
        MRR:            0.7588
      [卡牌] A20 子集 (n=160140):
        Top-1 Accuracy: 0.6006
        Top-3 Accuracy: 0.9492
        MRR:            0.7698
    
      [Boss遗物] 全量 (n=12848):
        Top-1 Accuracy: 0.6224
        Top-3 Accuracy: 1.0000
        MRR:            0.7922
      [Boss遗物] A20 子集 (n=10173):
        Top-1 Accuracy: 0.6478
        Top-3 Accuracy: 1.0000
        MRR:            0.8065
    
      [篝火] 全量 (n=60887):
        Top-1 Accuracy: 0.7476
        Top-3 Accuracy: 1.0000
        MRR:            0.8738
      [篝火] A20 子集 (n=48435):
        Top-1 Accuracy: 0.7677
        Top-3 Accuracy: 1.0000
        MRR:            0.8838
    
      [商店] 全量 (n=303):
        Top-1 Accuracy: 0.9274
        Top-3 Accuracy: 0.9373
        MRR:            0.9479
      [商店] A20 子集 (n=303):
        Top-1 Accuracy: 0.9274
        Top-3 Accuracy: 0.9373
        MRR:            0.9479
    
    V2 训练完成！

  [2026-06-11 19:37:09] silent V2 完成 ✓

------------------------------------------------------------------
  步骤: V3
------------------------------------------------------------------

  [2026-06-11 19:37:09] 开始 silent V3
  命令: python -u -m silent_advisor.ml_advisor_v3 train

    加载数据库...
    构建词表...
      卡牌词表: 399 张
      遗物词表: 137 个
    
    === 训练卡牌 V3 Transformer ===
      [19:37:14] 构建卡牌排序数据...
      [19:37:45] 排序数据: 812129 行, 200171 组
      使用设备: NVIDIA GeForce RTX 4090 (CUDA)
      Transformer card: 训练=160137, 验证集=40034 个决策, 特征维度=1397, d_model=256, n_heads=8, n_layers=3, 权重范围: [0.18, 1.20]
        Epoch  1/60  loss=0.5188  val_ndcg=0.8043 ★  lr=0.000180
        Epoch  5/60  loss=0.3490  val_ndcg=0.8414 ★  lr=0.000500
        Epoch 10/60  loss=0.3251  val_ndcg=0.8505 ★  lr=0.000490
        Epoch 15/60  loss=0.3091  val_ndcg=0.8470  lr=0.000461
        Epoch 20/60  loss=0.3005  val_ndcg=0.8480  lr=0.000415
        Epoch 25/60  loss=0.2908  val_ndcg=0.8480  lr=0.000355
      早停: 15 epoch 无提升，停止训练 (最佳 val_ndcg=0.8505)
      Transformer card 训练完成，已恢复最佳模型 (val_ndcg=0.8505)
      已保存: F:\AI_Learn\slay_of_spire\STS1\silent_advisor\models\card_transformer_v3.pt
    
    === 训练 Boss 遗物 V3 Transformer ===
      [19:48:57] 构建 Boss 遗物排序数据...
      [19:48:59] 排序数据: 38544 行, 12848 组
      使用设备: NVIDIA GeForce RTX 4090 (CUDA)
      Transformer boss_relic: 训练=10279, 验证集=2569 个决策, 特征维度=1121, d_model=256, n_heads=8, n_layers=3, 权重范围: [0.18, 1.20]
        Epoch  1/60  loss=0.6244  val_ndcg=0.8419 ★  lr=0.000180
        Epoch  5/60  loss=0.4690  val_ndcg=0.8504 ★  lr=0.000500
        Epoch 10/60  loss=0.4358  val_ndcg=0.8512 ★  lr=0.000490
        Epoch 15/60  loss=0.4211  val_ndcg=0.8499  lr=0.000461
        Epoch 20/60  loss=0.4047  val_ndcg=0.8505  lr=0.000415
        Epoch 25/60  loss=0.3907  val_ndcg=0.8530 ★  lr=0.000355
        Epoch 30/60  loss=0.3745  val_ndcg=0.8552 ★  lr=0.000288
        Epoch 35/60  loss=0.3653  val_ndcg=0.8534  lr=0.000217
        Epoch 40/60  loss=0.3525  val_ndcg=0.8477  lr=0.000150
        Epoch 45/60  loss=0.3352  val_ndcg=0.8510  lr=0.000090
      早停: 15 epoch 无提升，停止训练 (最佳 val_ndcg=0.8552)
      Transformer boss_relic 训练完成，已恢复最佳模型 (val_ndcg=0.8552)
      已保存: F:\AI_Learn\slay_of_spire\STS1\silent_advisor\models\boss_relic_transformer_v3.pt
    
    === 训练篝火 V3 Transformer ===
      [19:49:36] 构建篝火排序数据...
      [19:49:43] 排序数据: 133768 行, 66884 组
      使用设备: NVIDIA GeForce RTX 4090 (CUDA)
      Transformer campfire: 训练=53508, 验证集=13376 个决策, 特征维度=978, d_model=256, n_heads=8, n_layers=3, 权重范围: [0.18, 1.20]
        Epoch  1/60  loss=0.5772  val_ndcg=0.9015 ★  lr=0.000180
        Epoch  5/60  loss=0.3148  val_ndcg=0.9443 ★  lr=0.000500
        Epoch 10/60  loss=0.2967  val_ndcg=0.9472 ★  lr=0.000490
        Epoch 15/60  loss=0.2854  val_ndcg=0.9465  lr=0.000461
        Epoch 20/60  loss=0.2785  val_ndcg=0.9457  lr=0.000415
        Epoch 25/60  loss=0.2697  val_ndcg=0.9509 ★  lr=0.000355
        Epoch 30/60  loss=0.2593  val_ndcg=0.9487  lr=0.000288
        Epoch 35/60  loss=0.2474  val_ndcg=0.9505  lr=0.000217
        Epoch 40/60  loss=0.2332  val_ndcg=0.9472  lr=0.000150
      早停: 15 epoch 无提升，停止训练 (最佳 val_ndcg=0.9509)
      Transformer campfire 训练完成，已恢复最佳模型 (val_ndcg=0.9509)
      已保存: F:\AI_Learn\slay_of_spire\STS1\silent_advisor\models\campfire_transformer_v3.pt
    
    === 训练商店 V3 Transformer ===
      [19:51:58] 构建商店排序数据...
      [19:51:58] 排序数据: 8045 行, 602 组
      使用设备: NVIDIA GeForce RTX 4090 (CUDA)
      Transformer shop: 训练=482, 验证集=120 个决策, 特征维度=1536, d_model=256, n_heads=8, n_layers=3, 权重范围: [0.60, 1.20]
        Epoch  1/60  loss=0.1620  val_ndcg=0.9310 ★  lr=0.000180
        Epoch  5/60  loss=0.0555  val_ndcg=0.9379 ★  lr=0.000500
        Epoch 10/60  loss=0.0505  val_ndcg=0.9469 ★  lr=0.000490
        Epoch 15/60  loss=0.0480  val_ndcg=0.9469  lr=0.000461
        Epoch 20/60  loss=0.0435  val_ndcg=0.9469  lr=0.000415
        Epoch 25/60  loss=0.0524  val_ndcg=0.9469  lr=0.000355
      早停: 15 epoch 无提升，停止训练 (最佳 val_ndcg=0.9469)
      Transformer shop 训练完成，已恢复最佳模型 (val_ndcg=0.9469)
      已保存: F:\AI_Learn\slay_of_spire\STS1\silent_advisor\models\shop_transformer_v3.pt
    
    V3 训练完成！

  [2026-06-11 19:52:01] silent V3 完成 ✓

------------------------------------------------------------------
  步骤: V4
------------------------------------------------------------------

  [2026-06-11 19:52:01] 开始 silent V4
  命令: python -u -m silent_advisor.ml_advisor_v4 train

    加载数据库...
    构建词表...
      卡牌词表: 399 张
      遗物词表: 137 个
    
    === 训练卡牌 V4 Transformer (A20 胜局) ===
      A20 胜局决策数: 65425
      使用设备: NVIDIA GeForce RTX 4090 (CUDA)
      Transformer card_v4: 训练=52340, 验证集=13085 个决策, 特征维度=1397, d_model=256, n_heads=8, n_layers=3
        Epoch  1/60  loss=0.6759  val_ndcg=0.8070 ★  lr=0.000180
        Epoch  5/60  loss=0.3813  val_ndcg=0.8574 ★  lr=0.000500
        Epoch 10/60  loss=0.3526  val_ndcg=0.8573  lr=0.000490
        Epoch 15/60  loss=0.3324  val_ndcg=0.8594 ★  lr=0.000461
        Epoch 20/60  loss=0.3173  val_ndcg=0.8636 ★  lr=0.000415
        Epoch 25/60  loss=0.3001  val_ndcg=0.8721 ★  lr=0.000355
        Epoch 30/60  loss=0.2852  val_ndcg=0.8741 ★  lr=0.000288
        Epoch 35/60  loss=0.2689  val_ndcg=0.8772 ★  lr=0.000217
        Epoch 40/60  loss=0.2513  val_ndcg=0.8748  lr=0.000150
        Epoch 45/60  loss=0.2350  val_ndcg=0.8746  lr=0.000090
        Epoch 50/60  loss=0.2233  val_ndcg=0.8732  lr=0.000044
      早停: 15 epoch 无提升，停止训练 (最佳 val_ndcg=0.8772)
      Transformer card_v4 训练完成，已恢复最佳模型 (val_ndcg=0.8772)
      已保存: F:\AI_Learn\slay_of_spire\STS1\silent_advisor\models\card_transformer_v4.pt
    
    === 训练 Boss 遗物 V4 Transformer (A20 胜局) ===
      A20 胜局决策数: 4476
      使用设备: NVIDIA GeForce RTX 4090 (CUDA)
      Transformer boss_relic_v4: 训练=3581, 验证集=895 个决策, 特征维度=1121, d_model=256, n_heads=8, n_layers=3
        Epoch  1/60  loss=0.7117  val_ndcg=0.8506 ★  lr=0.000180
        Epoch  5/60  loss=0.6414  val_ndcg=0.8848 ★  lr=0.000500
        Epoch 10/60  loss=0.4825  val_ndcg=0.8823  lr=0.000490
        Epoch 15/60  loss=0.4556  val_ndcg=0.8837  lr=0.000461
        Epoch 20/60  loss=0.4427  val_ndcg=0.8833  lr=0.000415
      早停: 15 epoch 无提升，停止训练 (最佳 val_ndcg=0.8848)
      Transformer boss_relic_v4 训练完成，已恢复最佳模型 (val_ndcg=0.8848)
      已保存: F:\AI_Learn\slay_of_spire\STS1\silent_advisor\models\boss_relic_transformer_v4.pt
    
    === 训练篝火 V4 Transformer (A20 胜局) ===
      A20 胜局决策数: 21927
      使用设备: NVIDIA GeForce RTX 4090 (CUDA)
      Transformer campfire_v4: 训练=17542, 验证集=4385 个决策, 特征维度=978, d_model=256, n_heads=8, n_layers=3
        Epoch  1/60  loss=0.6934  val_ndcg=0.9391 ★  lr=0.000180
        Epoch  5/60  loss=0.3689  val_ndcg=0.9531 ★  lr=0.000500
        Epoch 10/60  loss=0.3102  val_ndcg=0.9531  lr=0.000490
        Epoch 15/60  loss=0.2881  val_ndcg=0.9553 ★  lr=0.000461
        Epoch 20/60  loss=0.2739  val_ndcg=0.9561 ★  lr=0.000415
        Epoch 25/60  loss=0.2570  val_ndcg=0.9535  lr=0.000355
        Epoch 30/60  loss=0.2370  val_ndcg=0.9539  lr=0.000288
        Epoch 35/60  loss=0.2124  val_ndcg=0.9494  lr=0.000217
      早停: 15 epoch 无提升，停止训练 (最佳 val_ndcg=0.9561)
      Transformer campfire_v4 训练完成，已恢复最佳模型 (val_ndcg=0.9561)
      已保存: F:\AI_Learn\slay_of_spire\STS1\silent_advisor\models\campfire_transformer_v4.pt
    
    === 训练商店 V4 Transformer (A20 胜局) ===
      A20 胜局决策数: 404
      使用设备: NVIDIA GeForce RTX 4090 (CUDA)
      Transformer shop_v4: 训练=324, 验证集=80 个决策, 特征维度=1536, d_model=256, n_heads=8, n_layers=3
        Epoch  1/60  loss=0.2014  val_ndcg=0.9855 ★  lr=0.000180
        Epoch  5/60  loss=0.0808  val_ndcg=0.9855  lr=0.000500
        Epoch 10/60  loss=0.0649  val_ndcg=0.9872 ★  lr=0.000490
        Epoch 15/60  loss=0.0646  val_ndcg=0.9872  lr=0.000461
        Epoch 20/60  loss=0.0647  val_ndcg=0.9872  lr=0.000415
        Epoch 25/60  loss=0.0601  val_ndcg=0.9872  lr=0.000355
      早停: 15 epoch 无提升，停止训练 (最佳 val_ndcg=0.9872)
      Transformer shop_v4 训练完成，已恢复最佳模型 (val_ndcg=0.9872)
      已保存: F:\AI_Learn\slay_of_spire\STS1\silent_advisor\models\shop_transformer_v4.pt
    
    V4 训练完成！

  [2026-06-11 19:56:37] silent V4 完成 ✓

==================================================================
  训练结果汇总
==================================================================
  角色            DB      V1      V2      V3      V4    
  ----------------------------------------------------
  silent        ✓     ✓     ✓     ✓     ✓   

  总计: 5 步，5 成功，0 失败
  日志已保存至: F:\AI_Learn\slay_of_spire\STS1\logs\train_20260611_193112.log
