
==================================================================
  杀戮尖塔 AI 训练控制器  2026-06-11 20:08:26
==================================================================
  角色: ironclad
  步骤: db, v1, v2, v3, v4
  日志: F:\AI_Learn\slay_of_spire\STS1\logs\train_20260611_200826.log

------------------------------------------------------------------
  步骤: DB
------------------------------------------------------------------

  [2026-06-11 20:08:26] 开始 ironclad DB
  命令: python -u -m ironclad_advisor.build_db

    Loading Ironclad runs...
    Loaded 14586 runs (3484 wins, 11102 losses)
    
    Building card decision database...
      250260 decision points, 345 unique cards
    Building boss relic database...
      16185 boss relic decisions
    Building campfire database...
      80759 campfire decisions
    Building shop database...
      706 shop visits
    
    Done. Database written to F:\AI_Learn\slay_of_spire\STS1\ironclad_advisor\db/

  [2026-06-11 20:08:40] ironclad DB 完成 ✓

------------------------------------------------------------------
  步骤: V1
------------------------------------------------------------------

  [2026-06-11 20:08:40] 开始 ironclad V1
  命令: python -u -m ironclad_advisor.ml_advisor train

    加载数据库...
    构建词表...
      卡牌词表: 412 张
      遗物词表: 137 个
    词表已保存到 F:\AI_Learn\slay_of_spire\STS1\ironclad_advisor\models\vocab.pkl
    
    === 训练卡牌决策模型 ===
      样本数: 250260, 正样本: 102012, 负样本: 148248
      xgboost: AUC=0.7616, Accuracy=0.7262
      Top 10 特征:
        act_1: 0.0941
        act_2: 0.0705
        num_relics: 0.0703
        floor: 0.0269
        deck_size: 0.0186
        hp_pct: 0.0124
        deck_Corruption: 0.0107
        deck_Feel No Pain: 0.0090
        deck_Shockwave: 0.0083
        deck_Feed: 0.0077
    E:\anaconda3\envs\slay_spire\lib\site-packages\sklearn\utils\validation.py:2749: UserWarning: X does not have valid feature names, but LGBMClassifier was fitted with feature names
      warnings.warn(
    E:\anaconda3\envs\slay_spire\lib\site-packages\sklearn\utils\validation.py:2749: UserWarning: X does not have valid feature names, but LGBMClassifier was fitted with feature names
      warnings.warn(
    E:\anaconda3\envs\slay_spire\lib\site-packages\sklearn\utils\validation.py:2749: UserWarning: X does not have valid feature names, but LGBMClassifier was fitted with feature names
      warnings.warn(
    E:\anaconda3\envs\slay_spire\lib\site-packages\sklearn\utils\validation.py:2749: UserWarning: X does not have valid feature names, but LGBMClassifier was fitted with feature names
      warnings.warn(
    E:\anaconda3\envs\slay_spire\lib\site-packages\sklearn\utils\validation.py:2749: UserWarning: X does not have valid feature names, but LGBMClassifier was fitted with feature names
      warnings.warn(
      lightgbm: AUC=0.7610, Accuracy=0.7251
      已保存: F:\AI_Learn\slay_of_spire\STS1\ironclad_advisor\models\card_xgboost.pkl
      已保存: F:\AI_Learn\slay_of_spire\STS1\ironclad_advisor\models\card_lightgbm.pkl
    
    === 训练篝火决策模型 ===
      样本数: 80759, 正样本: 32527, 负样本: 48232
      xgboost: AUC=0.7750, Accuracy=0.7318
      Top 10 特征:
        num_relics: 0.0689
        act_2: 0.0330
        hp_above_70: 0.0265
        floor: 0.0218
        hp_pct: 0.0169
        deck_Corruption: 0.0117
        hp_below_30: 0.0112
        deck_Feed: 0.0088
        relic_Dead Branch: 0.0083
        deck_Shockwave: 0.0083
    E:\anaconda3\envs\slay_spire\lib\site-packages\sklearn\utils\validation.py:2749: UserWarning: X does not have valid feature names, but LGBMClassifier was fitted with feature names
      warnings.warn(
    E:\anaconda3\envs\slay_spire\lib\site-packages\sklearn\utils\validation.py:2749: UserWarning: X does not have valid feature names, but LGBMClassifier was fitted with feature names
      warnings.warn(
    E:\anaconda3\envs\slay_spire\lib\site-packages\sklearn\utils\validation.py:2749: UserWarning: X does not have valid feature names, but LGBMClassifier was fitted with feature names
      warnings.warn(
    E:\anaconda3\envs\slay_spire\lib\site-packages\sklearn\utils\validation.py:2749: UserWarning: X does not have valid feature names, but LGBMClassifier was fitted with feature names
      warnings.warn(
    E:\anaconda3\envs\slay_spire\lib\site-packages\sklearn\utils\validation.py:2749: UserWarning: X does not have valid feature names, but LGBMClassifier was fitted with feature names
      warnings.warn(
      lightgbm: AUC=0.7747, Accuracy=0.7327
      已保存: F:\AI_Learn\slay_of_spire\STS1\ironclad_advisor\models\campfire_xgboost.pkl
      已保存: F:\AI_Learn\slay_of_spire\STS1\ironclad_advisor\models\campfire_lightgbm.pkl
    
    === 训练 Boss 遗物决策模型 ===
      样本数: 16121, 正样本: 6957, 负样本: 9164
      xgboost: AUC=0.7418, Accuracy=0.6867
      Top 10 特征:
        act_2: 0.0848
        relic_win_rate: 0.0273
        num_relics: 0.0131
        deck_Corruption: 0.0120
        relic_Dead Branch: 0.0096
        upgrade_Dark Embrace: 0.0083
        deck_Feed: 0.0083
        relic_Toxic Egg 2: 0.0083
        upgrade_Fiend Fire: 0.0080
        upgrade_Corruption: 0.0075
    E:\anaconda3\envs\slay_spire\lib\site-packages\sklearn\utils\validation.py:2749: UserWarning: X does not have valid feature names, but LGBMClassifier was fitted with feature names
      warnings.warn(
    E:\anaconda3\envs\slay_spire\lib\site-packages\sklearn\utils\validation.py:2749: UserWarning: X does not have valid feature names, but LGBMClassifier was fitted with feature names
      warnings.warn(
    E:\anaconda3\envs\slay_spire\lib\site-packages\sklearn\utils\validation.py:2749: UserWarning: X does not have valid feature names, but LGBMClassifier was fitted with feature names
      warnings.warn(
    E:\anaconda3\envs\slay_spire\lib\site-packages\sklearn\utils\validation.py:2749: UserWarning: X does not have valid feature names, but LGBMClassifier was fitted with feature names
      warnings.warn(
    E:\anaconda3\envs\slay_spire\lib\site-packages\sklearn\utils\validation.py:2749: UserWarning: X does not have valid feature names, but LGBMClassifier was fitted with feature names
      warnings.warn(
      lightgbm: AUC=0.7389, Accuracy=0.6833
      已保存: F:\AI_Learn\slay_of_spire\STS1\ironclad_advisor\models\boss_relic_xgboost.pkl
      已保存: F:\AI_Learn\slay_of_spire\STS1\ironclad_advisor\models\boss_relic_lightgbm.pkl
    
    === 训练商店决策模型 ===
      样本数: 8139, 正样本: 5503, 负样本: 2636
      xgboost: AUC=0.9984, Accuracy=0.9779
      Top 10 特征:
        deck_Offering: 0.0251
        relic_Strawberry: 0.0167
        deck_Berserk: 0.0166
        upgrade_Fiend Fire: 0.0159
        relic_White Beast Statue: 0.0152
        upgrade_Hemokinesis: 0.0140
        relic_Busted Crown: 0.0134
        deck_Iron Wave: 0.0126
        relic_StrikeDummy: 0.0122
        upgrade_Immolate: 0.0115
    E:\anaconda3\envs\slay_spire\lib\site-packages\sklearn\utils\validation.py:2749: UserWarning: X does not have valid feature names, but LGBMClassifier was fitted with feature names
      warnings.warn(
    E:\anaconda3\envs\slay_spire\lib\site-packages\sklearn\utils\validation.py:2749: UserWarning: X does not have valid feature names, but LGBMClassifier was fitted with feature names
      warnings.warn(
    E:\anaconda3\envs\slay_spire\lib\site-packages\sklearn\utils\validation.py:2749: UserWarning: X does not have valid feature names, but LGBMClassifier was fitted with feature names
      warnings.warn(
    E:\anaconda3\envs\slay_spire\lib\site-packages\sklearn\utils\validation.py:2749: UserWarning: X does not have valid feature names, but LGBMClassifier was fitted with feature names
      warnings.warn(
    E:\anaconda3\envs\slay_spire\lib\site-packages\sklearn\utils\validation.py:2749: UserWarning: X does not have valid feature names, but LGBMClassifier was fitted with feature names
      warnings.warn(
      lightgbm: AUC=0.9986, Accuracy=0.9792
      已保存: F:\AI_Learn\slay_of_spire\STS1\ironclad_advisor\models\shop_xgboost.pkl
      已保存: F:\AI_Learn\slay_of_spire\STS1\ironclad_advisor\models\shop_lightgbm.pkl
    
    训练完成！模型已保存到 F:\AI_Learn\slay_of_spire\STS1\ironclad_advisor\models

  [2026-06-11 20:10:07] ironclad V1 完成 ✓

------------------------------------------------------------------
  步骤: V2
------------------------------------------------------------------

  [2026-06-11 20:10:07] 开始 ironclad V2
  命令: python -u -m ironclad_advisor.ml_advisor_v2 train

    加载数据库...
    构建词表...
      卡牌词表: 412 张
      遗物词表: 137 个
    
    === 训练卡牌 V2 模型 ===
      构造排序数据...
      排序数据: 1014931 行, 250260 组, 权重范围: [0.18, 1.20]
    E:\anaconda3\envs\slay_spire\lib\site-packages\sklearn\utils\validation.py:2749: UserWarning: X does not have valid feature names, but LGBMRanker was fitted with feature names
      warnings.warn(
    E:\anaconda3\envs\slay_spire\lib\site-packages\sklearn\utils\validation.py:2749: UserWarning: X does not have valid feature names, but LGBMRanker was fitted with feature names
      warnings.warn(
    E:\anaconda3\envs\slay_spire\lib\site-packages\sklearn\utils\validation.py:2749: UserWarning: X does not have valid feature names, but LGBMRanker was fitted with feature names
      warnings.warn(
    E:\anaconda3\envs\slay_spire\lib\site-packages\sklearn\utils\validation.py:2749: UserWarning: X does not have valid feature names, but LGBMRanker was fitted with feature names
      warnings.warn(
    E:\anaconda3\envs\slay_spire\lib\site-packages\sklearn\utils\validation.py:2749: UserWarning: X does not have valid feature names, but LGBMRanker was fitted with feature names
      warnings.warn(
      LambdaMART card: 平均 NDCG=0.8195
      已保存: F:\AI_Learn\slay_of_spire\STS1\ironclad_advisor\models\card_lambdamart.pkl
      构造选择数据...
      选择数据: 1014931 行, 正样本: 250260
      LogReg card: 训练集 Accuracy=0.7809
      已保存: F:\AI_Learn\slay_of_spire\STS1\ironclad_advisor\models\card_logreg.pkl
      计算 CWR 统计...
      已保存: F:\AI_Learn\slay_of_spire\STS1\ironclad_advisor\models\card_cwr.pkl
    
    === 训练 Boss 遗物 V2 模型 ===
      排序数据: 48363 行, 16121 组, 权重范围: [0.18, 1.20]
    E:\anaconda3\envs\slay_spire\lib\site-packages\sklearn\utils\validation.py:2749: UserWarning: X does not have valid feature names, but LGBMRanker was fitted with feature names
      warnings.warn(
    E:\anaconda3\envs\slay_spire\lib\site-packages\sklearn\utils\validation.py:2749: UserWarning: X does not have valid feature names, but LGBMRanker was fitted with feature names
      warnings.warn(
    E:\anaconda3\envs\slay_spire\lib\site-packages\sklearn\utils\validation.py:2749: UserWarning: X does not have valid feature names, but LGBMRanker was fitted with feature names
      warnings.warn(
    E:\anaconda3\envs\slay_spire\lib\site-packages\sklearn\utils\validation.py:2749: UserWarning: X does not have valid feature names, but LGBMRanker was fitted with feature names
      warnings.warn(
    E:\anaconda3\envs\slay_spire\lib\site-packages\sklearn\utils\validation.py:2749: UserWarning: X does not have valid feature names, but LGBMRanker was fitted with feature names
      warnings.warn(
      LambdaMART boss_relic: 平均 NDCG=0.8428
      已保存: F:\AI_Learn\slay_of_spire\STS1\ironclad_advisor\models\boss_relic_lambdamart.pkl
      选择数据: 48363 行, 正样本: 16121
      LogReg boss_relic: 训练集 Accuracy=0.7156
      已保存: F:\AI_Learn\slay_of_spire\STS1\ironclad_advisor\models\boss_relic_logreg.pkl
      已保存: F:\AI_Learn\slay_of_spire\STS1\ironclad_advisor\models\boss_relic_cwr.pkl
    
    === 训练篝火 V2 模型 ===
      排序数据: 161518 行, 80759 组, 权重范围: [0.18, 1.20]
    E:\anaconda3\envs\slay_spire\lib\site-packages\sklearn\utils\validation.py:2749: UserWarning: X does not have valid feature names, but LGBMRanker was fitted with feature names
      warnings.warn(
    E:\anaconda3\envs\slay_spire\lib\site-packages\sklearn\utils\validation.py:2749: UserWarning: X does not have valid feature names, but LGBMRanker was fitted with feature names
      warnings.warn(
    E:\anaconda3\envs\slay_spire\lib\site-packages\sklearn\utils\validation.py:2749: UserWarning: X does not have valid feature names, but LGBMRanker was fitted with feature names
      warnings.warn(
    E:\anaconda3\envs\slay_spire\lib\site-packages\sklearn\utils\validation.py:2749: UserWarning: X does not have valid feature names, but LGBMRanker was fitted with feature names
      warnings.warn(
    E:\anaconda3\envs\slay_spire\lib\site-packages\sklearn\utils\validation.py:2749: UserWarning: X does not have valid feature names, but LGBMRanker was fitted with feature names
      warnings.warn(
      LambdaMART campfire: 平均 NDCG=0.9134
      已保存: F:\AI_Learn\slay_of_spire\STS1\ironclad_advisor\models\campfire_lambdamart.pkl
      选择数据: 161518 行, 正样本: 73247
      LogReg campfire: 训练集 Accuracy=0.7503
      已保存: F:\AI_Learn\slay_of_spire\STS1\ironclad_advisor\models\campfire_logreg.pkl
      已保存: F:\AI_Learn\slay_of_spire\STS1\ironclad_advisor\models\campfire_cwr.pkl
    
    === 训练商店 V2 模型 ===
      排序数据: 9551 行, 706 组, 权重范围: [0.60, 1.20]
    E:\anaconda3\envs\slay_spire\lib\site-packages\sklearn\utils\validation.py:2749: UserWarning: X does not have valid feature names, but LGBMRanker was fitted with feature names
      warnings.warn(
    E:\anaconda3\envs\slay_spire\lib\site-packages\sklearn\utils\validation.py:2749: UserWarning: X does not have valid feature names, but LGBMRanker was fitted with feature names
      warnings.warn(
    E:\anaconda3\envs\slay_spire\lib\site-packages\sklearn\utils\validation.py:2749: UserWarning: X does not have valid feature names, but LGBMRanker was fitted with feature names
      warnings.warn(
    E:\anaconda3\envs\slay_spire\lib\site-packages\sklearn\utils\validation.py:2749: UserWarning: X does not have valid feature names, but LGBMRanker was fitted with feature names
      warnings.warn(
    E:\anaconda3\envs\slay_spire\lib\site-packages\sklearn\utils\validation.py:2749: UserWarning: X does not have valid feature names, but LGBMRanker was fitted with feature names
      warnings.warn(
      LambdaMART shop: 平均 NDCG=0.9759
      已保存: F:\AI_Learn\slay_of_spire\STS1\ironclad_advisor\models\shop_lambdamart.pkl
      选择数据: 9551 行, 正样本: 371
      LogReg shop: 训练集 Accuracy=0.9975
      已保存: F:\AI_Learn\slay_of_spire\STS1\ironclad_advisor\models\shop_logreg.pkl
      已保存: F:\AI_Learn\slay_of_spire\STS1\ironclad_advisor\models\shop_cwr.pkl
    
    === 行为对齐评估 ===
    
      [卡牌] 全量 (n=250260):
        Top-1 Accuracy: 0.5889
        Top-3 Accuracy: 0.9409
        MRR:            0.7603
      [卡牌] A20 子集 (n=197125):
        Top-1 Accuracy: 0.6135
        Top-3 Accuracy: 0.9515
        MRR:            0.7767
    
      [Boss遗物] 全量 (n=16121):
        Top-1 Accuracy: 0.6222
        Top-3 Accuracy: 1.0000
        MRR:            0.7914
      [Boss遗物] A20 子集 (n=12649):
        Top-1 Accuracy: 0.6572
        Top-3 Accuracy: 1.0000
        MRR:            0.8124
    
      [篝火] 全量 (n=73247):
        Top-1 Accuracy: 0.7655
        Top-3 Accuracy: 1.0000
        MRR:            0.8827
      [篝火] A20 子集 (n=57386):
        Top-1 Accuracy: 0.7765
        Top-3 Accuracy: 1.0000
        MRR:            0.8882
    
      [商店] 全量 (n=366):
        Top-1 Accuracy: 0.9208
        Top-3 Accuracy: 0.9344
        MRR:            0.9440
      [商店] A20 子集 (n=366):
        Top-1 Accuracy: 0.9208
        Top-3 Accuracy: 0.9344
        MRR:            0.9440
    
    V2 训练完成！

  [2026-06-11 20:18:54] ironclad V2 完成 ✓

------------------------------------------------------------------
  步骤: V3
------------------------------------------------------------------

  [2026-06-11 20:18:54] 开始 ironclad V3
  命令: python -u -m ironclad_advisor.ml_advisor_v3 train

    加载数据库...
    构建词表...
      卡牌词表: 412 张
      遗物词表: 137 个
    
    === 训练卡牌 V3 Transformer ===
      [20:18:59] 构建卡牌排序数据...
      [20:19:50] 排序数据: 1014931 行, 250260 组
      使用设备: NVIDIA GeForce RTX 4090 (CUDA)
      Transformer card: 训练=200208, 验证集=50052 个决策, 特征维度=1453, d_model=256, n_heads=8, n_layers=3, 权重范围: [0.18, 1.20]
        Epoch  1/60  loss=0.4906  val_ndcg=0.7992 ★  lr=0.000180
        Epoch  5/60  loss=0.3425  val_ndcg=0.8290 ★  lr=0.000500
        Epoch 10/60  loss=0.3218  val_ndcg=0.8317 ★  lr=0.000490
        Epoch 15/60  loss=0.3135  val_ndcg=0.8331 ★  lr=0.000461
        Epoch 20/60  loss=0.3056  val_ndcg=0.8383 ★  lr=0.000415
        Epoch 25/60  loss=0.2977  val_ndcg=0.8361  lr=0.000355
